<?xml version="1.0" encoding="UTF-8"?>
<testExecutions version="1">
  <file path="/home/codejamninja/Projects/reactant/packages/platform/tests/index.ts">
    <testCase name="@reactant/platform should work" duration="3"/>
  </file>
</testExecutions>